# JRE version: OpenJDK Runtime Environment (26.0.2+10) (build 26.0.2+10-55)
# Java VM: OpenJDK 64-Bit Server VM (26.0.2+10-55, mixed mode, sharing, tiered, compressed oops, compressed class ptrs, g1 gc, windows-amd64)
GC Precious Log:
 CardTable entry size: 512
 Card Set container configuration: InlinePtr #cards 5 size 8 Array Of Cards #cards 10 size 36 Howl #buckets 4 coarsen threshold 1843 Howl Bitmap #cards 512 size 80 coarsen threshold 460 Card regions per heap region 1 cards per card region 2048
 CPUs: 8 total, 8 available
 Memory: 8070M
 Large Page Support: Disabled
 NUMA Support: Disabled
 Compressed Oops: Enabled (32-bit)
 Heap Region Size: 1M
 Heap Min Capacity: 8M
 Heap Initial Capacity: 8M
 Heap Max Capacity: 2018M
 Pre-touch: Disabled
 Parallel Workers: 8
 Concurrent Workers: 2
 Concurrent Refinement Workers: 8
 Periodic GC: Disabled
Heap:
 garbage-first heap   total reserved 2066432K, committed 113664K, used 74110K [0x0000000081e00000, 0x0000000100000000)
  region size 1M, 37 eden (37M), 5 survivor (5M), 30 old (30M), 2 humongous (2M), 37 free (37M)
GC Heap Usage History (20 events):
Event: 1.472 {heap Before GC invocations=10 (full 0):
 garbage-first heap   total reserved 2066432K, committed 36864K, used 28349K [0x0000000081e00000, 0x0000000100000000)
  region size 1M, 17 eden (17M), 3 survivor (3M), 7 old (7M), 2 humongous (2M), 7 free (7M)
}
Event: 1.477 {heap After GC invocations=11 (full 0):
 garbage-first heap   total reserved 2066432K, committed 36864K, used 13902K [0x0000000081e00000, 0x0000000100000000)
  region size 1M, 0 eden (0M), 3 survivor (3M), 9 old (9M), 2 humongous (2M), 22 free (22M)
}
Event: 1.709 {heap Before GC invocations=11 (full 0):
 garbage-first heap   total reserved 2066432K, committed 36864K, used 30286K [0x0000000081e00000, 0x0000000100000000)
  region size 1M, 16 eden (16M), 3 survivor (3M), 9 old (9M), 2 humongous (2M), 6 free (6M)
}
Event: 1.715 {heap After GC invocations=12 (full 0):
 garbage-first heap   total reserved 2066432K, committed 37888K, used 17611K [0x0000000081e00000, 0x0000000100000000)
  region size 1M, 0 eden (0M), 3 survivor (3M), 13 old (13M), 2 humongous (2M), 19 free (19M)
}
Event: 1.755 {heap Before GC invocations=12 (full 0):
 garbage-first heap   total reserved 2066432K, committed 37888K, used 19659K [0x0000000081e00000, 0x0000000100000000)
  region size 1M, 3 eden (3M), 3 survivor (3M), 13 old (13M), 2 humongous (2M), 16 free (16M)
}
Event: 1.757 {heap After GC invocations=13 (full 0):
 garbage-first heap   total reserved 2066432K, committed 113664K, used 19434K [0x0000000081e00000, 0x0000000100000000)
  region size 1M, 0 eden (0M), 1 survivor (1M), 17 old (17M), 2 humongous (2M), 91 free (91M)
}
Event: 3.861 {heap Before GC invocations=14 (full 0):
 garbage-first heap   total reserved 2066432K, committed 113664K, used 84970K [0x0000000081e00000, 0x0000000100000000)
  region size 1M, 65 eden (65M), 1 survivor (1M), 17 old (17M), 2 humongous (2M), 26 free (26M)
}
Event: 3.872 {heap After GC invocations=15 (full 0):
 garbage-first heap   total reserved 2066432K, committed 113664K, used 25996K [0x0000000081e00000, 0x0000000100000000)
  region size 1M, 0 eden (0M), 8 survivor (8M), 16 old (16M), 2 humongous (2M), 85 free (85M)
}
Event: 4.502 {heap Before GC invocations=15 (full 0):
 garbage-first heap   total reserved 2066432K, committed 113664K, used 57740K [0x0000000081e00000, 0x0000000100000000)
  region size 1M, 32 eden (32M), 8 survivor (8M), 16 old (16M), 2 humongous (2M), 53 free (53M)
}
Event: 4.520 {heap After GC invocations=16 (full 0):
 garbage-first heap   total reserved 2066432K, committed 113664K, used 28160K [0x0000000081e00000, 0x0000000100000000)
  region size 1M, 0 eden (0M), 3 survivor (3M), 23 old (23M), 2 humongous (2M), 83 free (83M)
}
Event: 4.546 {heap Before GC invocations=16 (full 0):
 garbage-first heap   total reserved 2066432K, committed 113664K, used 29184K [0x0000000081e00000, 0x0000000100000000)
  region size 1M, 2 eden (2M), 3 survivor (3M), 23 old (23M), 2 humongous (2M), 81 free (81M)
}
Event: 4.553 {heap After GC invocations=17 (full 0):
 garbage-first heap   total reserved 2066432K, committed 113664K, used 28269K [0x0000000081e00000, 0x0000000100000000)
  region size 1M, 0 eden (0M), 3 survivor (3M), 23 old (23M), 2 humongous (2M), 83 free (83M)
}
Event: 9.512 {heap Before GC invocations=18 (full 0):
 garbage-first heap   total reserved 2066432K, committed 113664K, used 90733K [0x0000000081e00000, 0x0000000100000000)
  region size 1M, 61 eden (61M), 3 survivor (3M), 23 old (23M), 2 humongous (2M), 22 free (22M)
}
Event: 9.524 {heap After GC invocations=19 (full 0):
 garbage-first heap   total reserved 2066432K, committed 113664K, used 33266K [0x0000000081e00000, 0x0000000100000000)
  region size 1M, 0 eden (0M), 8 survivor (8M), 23 old (23M), 2 humongous (2M), 78 free (78M)
}
Event: 9.802 {heap Before GC invocations=19 (full 0):
 garbage-first heap   total reserved 2066432K, committed 113664K, used 54770K [0x0000000081e00000, 0x0000000100000000)
  region size 1M, 22 eden (22M), 8 survivor (8M), 23 old (23M), 2 humongous (2M), 56 free (56M)
}
Event: 9.812 {heap After GC invocations=20 (full 0):
 garbage-first heap   total reserved 2066432K, committed 113664K, used 33897K [0x0000000081e00000, 0x0000000100000000)
  region size 1M, 0 eden (0M), 2 survivor (2M), 30 old (30M), 2 humongous (2M), 77 free (77M)
}
Event: 9.820 {heap Before GC invocations=20 (full 0):
 garbage-first heap   total reserved 2066432K, committed 113664K, used 33897K [0x0000000081e00000, 0x0000000100000000)
  region size 1M, 1 eden (1M), 2 survivor (2M), 30 old (30M), 2 humongous (2M), 76 free (76M)
}
Event: 9.822 {heap After GC invocations=21 (full 0):
 garbage-first heap   total reserved 2066432K, committed 113664K, used 33385K [0x0000000081e00000, 0x0000000100000000)
  region size 1M, 0 eden (0M), 1 survivor (1M), 30 old (30M), 2 humongous (2M), 78 free (78M)
}
Event: 14.281 {heap Before GC invocations=22 (full 0):
 garbage-first heap   total reserved 2066432K, committed 113664K, used 96873K [0x0000000081e00000, 0x0000000100000000)
  region size 1M, 62 eden (62M), 1 survivor (1M), 30 old (30M), 2 humongous (2M), 16 free (16M)
}
Event: 14.290 {heap After GC invocations=23 (full 0):
 garbage-first heap   total reserved 2066432K, committed 113664K, used 37246K [0x0000000081e00000, 0x0000000100000000)
  region size 1M, 0 eden (0M), 5 survivor (5M), 30 old (30M), 2 humongous (2M), 74 free (74M)
}

