# JRE version: OpenJDK Runtime Environment (26.0.2+10) (build 26.0.2+10-55)
# Java VM: OpenJDK 64-Bit Server VM (26.0.2+10-55, mixed mode, sharing, tiered, compressed oops, compressed class ptrs, g1 gc, windows-amd64)
GC Precious Log:
 CardTable entry size: 512
 Card Set container configuration: InlinePtr #cards 5 size 8 Array Of Cards #cards 10 size 36 Howl #buckets 4 coarsen threshold 1843 Howl Bitmap #cards 512 size 80 coarsen threshold 460 Card regions per heap region 1 cards per card region 2048
 CPUs: 8 total, 8 available
 Memory: 8070M
 Large Page Support: Disabled
 NUMA Support: Disabled
 Compressed Oops: Enabled (32-bit)
 Heap Region Size: 1M
 Heap Min Capacity: 8M
 Heap Initial Capacity: 8M
 Heap Max Capacity: 2018M
 Pre-touch: Disabled
 Parallel Workers: 8
 Concurrent Workers: 2
 Concurrent Refinement Workers: 8
 Periodic GC: Disabled
Heap:
 garbage-first heap   total reserved 2066432K, committed 101376K, used 88788K [0x0000000081e00000, 0x0000000100000000)
  region size 1M, 43 eden (43M), 6 survivor (6M), 39 old (39M), 2 humongous (2M), 9 free (9M)
GC Heap Usage History (20 events):
Event: 3.614 {heap Before GC invocations=18 (full 0):
 garbage-first heap   total reserved 2066432K, committed 33792K, used 28744K [0x0000000081e00000, 0x0000000100000000)
  region size 1M, 6 eden (6M), 2 survivor (2M), 19 old (19M), 2 humongous (2M), 4 free (4M)
}
Event: 3.618 {heap After GC invocations=19 (full 0):
 garbage-first heap   total reserved 2066432K, committed 101376K, used 23044K [0x0000000081e00000, 0x0000000100000000)
  region size 1M, 0 eden (0M), 1 survivor (1M), 20 old (20M), 2 humongous (2M), 76 free (76M)
}
Event: 5.599 {heap Before GC invocations=19 (full 0):
 garbage-first heap   total reserved 2066432K, committed 101376K, used 76292K [0x0000000081e00000, 0x0000000100000000)
  region size 1M, 53 eden (53M), 1 survivor (1M), 20 old (20M), 2 humongous (2M), 23 free (23M)
}
Event: 5.623 {heap After GC invocations=20 (full 0):
 garbage-first heap   total reserved 2066432K, committed 101376K, used 27412K [0x0000000081e00000, 0x0000000100000000)
  region size 1M, 0 eden (0M), 5 survivor (5M), 20 old (20M), 2 humongous (2M), 72 free (72M)
}
Event: 6.336 {heap Before GC invocations=20 (full 0):
 garbage-first heap   total reserved 2066432K, committed 101376K, used 48916K [0x0000000081e00000, 0x0000000100000000)
  region size 1M, 22 eden (22M), 5 survivor (5M), 20 old (20M), 2 humongous (2M), 50 free (50M)
}
Event: 6.344 {heap After GC invocations=21 (full 0):
 garbage-first heap   total reserved 2066432K, committed 101376K, used 29027K [0x0000000081e00000, 0x0000000100000000)
  region size 1M, 0 eden (0M), 2 survivor (2M), 25 old (25M), 2 humongous (2M), 70 free (70M)
}
Event: 11.839 {heap Before GC invocations=22 (full 0):
 garbage-first heap   total reserved 2066432K, committed 101376K, used 81251K [0x0000000081e00000, 0x0000000100000000)
  region size 1M, 51 eden (51M), 2 survivor (2M), 25 old (25M), 2 humongous (2M), 19 free (19M)
}
Event: 11.849 {heap After GC invocations=23 (full 0):
 garbage-first heap   total reserved 2066432K, committed 101376K, used 33773K [0x0000000081e00000, 0x0000000100000000)
  region size 1M, 0 eden (0M), 7 survivor (7M), 25 old (25M), 2 humongous (2M), 65 free (65M)
}
Event: 12.668 {heap Before GC invocations=23 (full 0):
 garbage-first heap   total reserved 2066432K, committed 101376K, used 63469K [0x0000000081e00000, 0x0000000100000000)
  region size 1M, 31 eden (31M), 7 survivor (7M), 25 old (25M), 2 humongous (2M), 34 free (34M)
}
Event: 12.678 {heap After GC invocations=24 (full 0):
 garbage-first heap   total reserved 2066432K, committed 101376K, used 35173K [0x0000000081e00000, 0x0000000100000000)
  region size 1M, 0 eden (0M), 2 survivor (2M), 31 old (31M), 2 humongous (2M), 64 free (64M)
}
Event: 12.700 {heap Before GC invocations=24 (full 0):
 garbage-first heap   total reserved 2066432K, committed 101376K, used 36197K [0x0000000081e00000, 0x0000000100000000)
  region size 1M, 2 eden (2M), 2 survivor (2M), 31 old (31M), 2 humongous (2M), 62 free (62M)
}
Event: 12.702 {heap After GC invocations=25 (full 0):
 garbage-first heap   total reserved 2066432K, committed 101376K, used 34591K [0x0000000081e00000, 0x0000000100000000)
  region size 1M, 0 eden (0M), 2 survivor (2M), 31 old (31M), 2 humongous (2M), 64 free (64M)
}
Event: 15.245 {heap Before GC invocations=26 (full 0):
 garbage-first heap   total reserved 2066432K, committed 101376K, used 86815K [0x0000000081e00000, 0x0000000100000000)
  region size 1M, 51 eden (51M), 2 survivor (2M), 31 old (31M), 2 humongous (2M), 13 free (13M)
}
Event: 15.271 {heap After GC invocations=27 (full 0):
 garbage-first heap   total reserved 2066432K, committed 101376K, used 38166K [0x0000000081e00000, 0x0000000100000000)
  region size 1M, 0 eden (0M), 5 survivor (5M), 31 old (31M), 2 humongous (2M), 61 free (61M)
}
Event: 17.117 {heap Before GC invocations=27 (full 0):
 garbage-first heap   total reserved 2066432K, committed 101376K, used 88342K [0x0000000081e00000, 0x0000000100000000)
  region size 1M, 49 eden (49M), 5 survivor (5M), 31 old (31M), 2 humongous (2M), 12 free (12M)
}
Event: 17.124 {heap After GC invocations=28 (full 0):
 garbage-first heap   total reserved 2066432K, committed 101376K, used 41448K [0x0000000081e00000, 0x0000000100000000)
  region size 1M, 0 eden (0M), 7 survivor (7M), 32 old (32M), 2 humongous (2M), 58 free (58M)
}
Event: 17.795 {heap Before GC invocations=28 (full 0):
 garbage-first heap   total reserved 2066432K, committed 101376K, used 89576K [0x0000000081e00000, 0x0000000100000000)
  region size 1M, 47 eden (47M), 7 survivor (7M), 32 old (32M), 2 humongous (2M), 11 free (11M)
}
Event: 17.804 {heap After GC invocations=29 (full 0):
 garbage-first heap   total reserved 2066432K, committed 101376K, used 44418K [0x0000000081e00000, 0x0000000100000000)
  region size 1M, 0 eden (0M), 7 survivor (7M), 35 old (35M), 2 humongous (2M), 55 free (55M)
}
Event: 19.696 {heap Before GC invocations=30 (full 0):
 garbage-first heap   total reserved 2066432K, committed 101376K, used 90498K [0x0000000081e00000, 0x0000000100000000)
  region size 1M, 45 eden (45M), 7 survivor (7M), 35 old (35M), 2 humongous (2M), 10 free (10M)
}
Event: 19.704 {heap After GC invocations=31 (full 0):
 garbage-first heap   total reserved 2066432K, committed 101376K, used 46804K [0x0000000081e00000, 0x0000000100000000)
  region size 1M, 0 eden (0M), 6 survivor (6M), 39 old (39M), 2 humongous (2M), 52 free (52M)
}

